12.23 16.13.49  INFO main ru.sfedu.sprintspherepk.DataProviderXmlTest - Источник данных для XML инициализирован.
12.23 16.13.49  INFO main ru.sfedu.sprintspherepk.DataProviderXmlTest - Начало тестирования XML поставщика...
12.23 16.13.49  INFO main ru.sfedu.sprintspherepk.DataProviderXmlTest - Сохранение записи в XML...
12.23 16.13.49  INFO main ru.sfedu.sprintspherepk.DataProviderXmlTest - Запись сохранена с ID: 0df20a35-69b9-45c8-a3db-b3e77e396d69
12.23 16.13.49  INFO main ru.sfedu.sprintspherepk.DataProviderXmlTest - Извлечение записи по ID из XML...
12.23 16.13.49  INFO main ru.sfedu.sprintspherepk.DataProviderXmlTest - Запись успешно извлечена.
12.23 16.13.49  INFO main ru.sfedu.sprintspherepk.DataProviderXmlTest - Удаление записи из XML...
12.23 16.13.49  INFO main ru.sfedu.sprintspherepk.DataProviderXmlTest - Запись успешно удалена.
12.23 16.13.53  INFO main ru.sfedu.sprintspherepk.DataProviderXmlTest - Инициализация поставщика данных для XML...
12.23 16.13.53  INFO main ru.sfedu.sprintspherepk.DataProviderXmlTest - Инициализация источника данных для XML поставщика...
12.23 16.13.53  INFO main ru.sfedu.sprintspherepk.DataProviderXmlTest - Источник данных для XML инициализирован.
12.23 16.13.53  INFO main ru.sfedu.sprintspherepk.DataProviderXmlTest - Начало тестирования XML поставщика...
12.23 16.13.54  INFO main ru.sfedu.sprintspherepk.DataProviderXmlTest - Сохранение записи в XML...
12.23 16.13.54  INFO main ru.sfedu.sprintspherepk.DataProviderXmlTest - Запись сохранена с ID: 61720317-c5bd-43d0-99bd-903fc8d67e21
12.23 16.13.54  INFO main ru.sfedu.sprintspherepk.DataProviderXmlTest - Извлечение записи по ID из XML...
12.23 16.13.54  INFO main ru.sfedu.sprintspherepk.DataProviderXmlTest - Запись успешно извлечена.
12.23 16.13.54  INFO main ru.sfedu.sprintspherepk.DataProviderXmlTest - Удаление записи из XML...
12.23 16.13.54  INFO main ru.sfedu.sprintspherepk.DataProviderXmlTest - Запись успешно удалена.
12.23 16.14.51  INFO main ru.sfedu.sprintspherepk.DataProviderXmlTest - Инициализация поставщика данных для XML...
12.23 16.14.51  INFO main ru.sfedu.sprintspherepk.DataProviderXmlTest - Инициализация источника данных для XML поставщика...
12.23 16.14.51  INFO main ru.sfedu.sprintspherepk.DataProviderXmlTest - Источник данных для XML инициализирован.
12.23 16.14.51  INFO main ru.sfedu.sprintspherepk.DataProviderXmlTest - Начало тестирования XML поставщика...
12.23 16.14.51  INFO main ru.sfedu.sprintspherepk.DataProviderXmlTest - Сохранение записи в XML...
12.23 16.14.51  INFO main ru.sfedu.sprintspherepk.DataProviderXmlTest - Запись сохранена с ID: 9915d2ed-6060-480e-936f-50b0995960ba
12.23 16.14.51  INFO main ru.sfedu.sprintspherepk.DataProviderXmlTest - Извлечение записи по ID из XML...
12.23 16.14.51  INFO main ru.sfedu.sprintspherepk.DataProviderXmlTest - Запись успешно извлечена.
12.23 16.14.51  INFO main ru.sfedu.sprintspherepk.DataProviderXmlTest - Удаление записи из XML...
12.23 16.19.40  INFO main ru.sfedu.sprintspherepk.DataProviderXmlTest - Инициализация поставщика данных для XML...
12.23 16.19.40  INFO main ru.sfedu.sprintspherepk.DataProviderXmlTest - Инициализация источника данных для XML поставщика...
12.23 16.19.40  INFO main ru.sfedu.sprintspherepk.DataProviderXmlTest - Источник данных для XML инициализирован.
12.23 16.19.40  INFO main ru.sfedu.sprintspherepk.DataProviderXmlTest - Начало тестирования XML поставщика...
12.23 16.19.40  INFO main ru.sfedu.sprintspherepk.DataProviderXmlTest - Сохранение записи в XML...
12.23 16.19.41  INFO main ru.sfedu.sprintspherepk.DataProviderXmlTest - Запись сохранена с ID: fb31bdee-ffc5-41ed-bf71-90b262c4fd4e
12.23 16.19.41  INFO main ru.sfedu.sprintspherepk.DataProviderXmlTest - Извлечение записи по ID из XML...
12.23 16.19.41  INFO main ru.sfedu.sprintspherepk.DataProviderXmlTest - Запись успешно извлечена.
12.23 16.19.41  INFO main ru.sfedu.sprintspherepk.DataProviderXmlTest - Удаление записи из XML...
12.23 16.19.41  INFO main ru.sfedu.sprintspherepk.DataProviderXmlTest - Запись успешно удалена.
12.23 16.23.28  INFO main ru.sfedu.sprintspherepk.DataProviderXmlTest - Инициализация поставщика данных для XML...
12.23 16.23.28  INFO main ru.sfedu.sprintspherepk.DataProviderXmlTest - Инициализация источника данных для XML поставщика...
12.23 16.23.28  INFO main ru.sfedu.sprintspherepk.DataProviderXmlTest - Источник данных для XML инициализирован.
12.23 16.23.28  INFO main ru.sfedu.sprintspherepk.DataProviderXmlTest - Начало тестирования XML поставщика...
12.23 16.23.28  INFO main ru.sfedu.sprintspherepk.DataProviderXmlTest - Сохранение записи в XML...
12.23 16.23.28  INFO main ru.sfedu.sprintspherepk.DataProviderXmlTest - Запись сохранена с ID: 11b26031-ce81-43df-a2d0-771d1ca435dc
12.23 16.23.28  INFO main ru.sfedu.sprintspherepk.DataProviderXmlTest - Извлечение записи по ID из XML...
12.23 16.23.29  INFO main ru.sfedu.sprintspherepk.DataProviderXmlTest - Запись успешно извлечена.
12.23 16.24.13  INFO main ru.sfedu.sprintspherepk.DataProviderXmlTest - Инициализация поставщика данных для XML...
12.23 16.24.13  INFO main ru.sfedu.sprintspherepk.DataProviderXmlTest - Инициализация источника данных для XML поставщика...
12.23 16.24.13  INFO main ru.sfedu.sprintspherepk.DataProviderXmlTest - Источник данных для XML инициализирован.
12.23 16.24.13  INFO main ru.sfedu.sprintspherepk.DataProviderXmlTest - Начало тестирования XML поставщика...
12.23 16.24.14  INFO main ru.sfedu.sprintspherepk.DataProviderXmlTest - Сохранение записи в XML...
12.23 16.24.14  INFO main ru.sfedu.sprintspherepk.DataProviderXmlTest - Запись сохранена с ID: e0958add-d29b-4263-9995-4556e5e8cefc
12.23 16.24.14  INFO main ru.sfedu.sprintspherepk.DataProviderXmlTest - Извлечение записи по ID из XML...
12.23 16.24.14  INFO main ru.sfedu.sprintspherepk.DataProviderXmlTest - Запись успешно извлечена.
12.23 16.24.14  INFO main ru.sfedu.sprintspherepk.DataProviderXmlTest - Удаление записи из XML...
12.23 16.24.14  INFO main ru.sfedu.sprintspherepk.DataProviderXmlTest - Запись успешно удалена.
12.23 16.26.34  INFO main ru.sfedu.sprintspherepk.DataProviderXmlTest - Инициализация поставщика данных для XML...
12.23 16.26.34  INFO main ru.sfedu.sprintspherepk.DataProviderXmlTest - Инициализация источника данных для XML поставщика...
12.23 16.26.34  INFO main ru.sfedu.sprintspherepk.DataProviderXmlTest - Источник данных для XML инициализирован.
12.23 16.26.34  INFO main ru.sfedu.sprintspherepk.DataProviderXmlTest - Начало тестирования XML поставщика...
12.23 16.26.35  INFO main ru.sfedu.sprintspherepk.DataProviderXmlTest - Сохранение записи в XML...
12.23 16.26.35  INFO main ru.sfedu.sprintspherepk.DataProviderXmlTest - Запись сохранена с ID: b77f9b89-88e2-4092-b281-8daae16a44df
12.23 16.26.35  INFO main ru.sfedu.sprintspherepk.DataProviderXmlTest - Извлечение записи по ID из XML...
12.23 16.26.35  INFO main ru.sfedu.sprintspherepk.DataProviderXmlTest - Запись успешно извлечена.
12.23 16.26.35  INFO main ru.sfedu.sprintspherepk.DataProviderXmlTest - Удаление записи из XML...
12.23 16.29.09  INFO main ru.sfedu.sprintspherepk.DataProviderXmlTest - Инициализация поставщика данных для XML...
12.23 16.29.09  INFO main ru.sfedu.sprintspherepk.DataProviderXmlTest - Инициализация источника данных для XML поставщика...
12.23 16.29.09  INFO main ru.sfedu.sprintspherepk.DataProviderXmlTest - Источник данных для XML инициализирован.
12.23 16.29.09  INFO main ru.sfedu.sprintspherepk.DataProviderXmlTest - Начало тестирования XML поставщика...
12.23 16.29.09  INFO main ru.sfedu.sprintspherepk.DataProviderXmlTest - Сохранение записи в XML...
12.23 16.29.09  INFO main ru.sfedu.sprintspherepk.DataProviderXmlTest - Запись сохранена с ID: c1949ab7-d967-4830-8e7a-50d6764faf57
12.23 16.29.09  INFO main ru.sfedu.sprintspherepk.DataProviderXmlTest - Извлечение записи по ID из XML...
12.23 16.29.09  INFO main ru.sfedu.sprintspherepk.DataProviderXmlTest - Запись успешно извлечена.
12.23 16.29.09  INFO main ru.sfedu.sprintspherepk.DataProviderXmlTest - Удаление записи из XML...
12.23 16.29.09  INFO main ru.sfedu.sprintspherepk.DataProviderXmlTest - Запись успешно удалена.
12.23 16.30.08  INFO main ru.sfedu.sprintspherepk.DataProviderXmlTest - Инициализация поставщика данных для XML...
12.23 16.30.08  INFO main ru.sfedu.sprintspherepk.DataProviderXmlTest - Инициализация источника данных для XML поставщика...
12.23 16.30.08  INFO main ru.sfedu.sprintspherepk.DataProviderXmlTest - Источник данных для XML инициализирован.
12.23 16.30.08  INFO main ru.sfedu.sprintspherepk.DataProviderXmlTest - Начало тестирования XML поставщика...
12.23 16.30.08  INFO main ru.sfedu.sprintspherepk.DataProviderXmlTest - Сохранение записи в XML...
12.23 16.31.52  INFO main ru.sfedu.sprintspherepk.DataProviderXmlTest - Инициализация поставщика данных для XML...
12.23 16.31.52  INFO main ru.sfedu.sprintspherepk.DataProviderXmlTest - Инициализация источника данных для XML поставщика...
12.23 16.31.52  INFO main ru.sfedu.sprintspherepk.DataProviderXmlTest - Источник данных для XML инициализирован.
12.23 16.31.52  INFO main ru.sfedu.sprintspherepk.DataProviderXmlTest - Начало тестирования XML поставщика...
12.23 16.31.52  INFO main ru.sfedu.sprintspherepk.DataProviderXmlTest - Сохранение записи в XML...
12.23 16.31.52  INFO main ru.sfedu.sprintspherepk.DataProviderXmlTest - Запись сохранена с ID: 4d03a763-32a8-420b-b050-91b6e50f41cb
12.23 16.31.52  INFO main ru.sfedu.sprintspherepk.DataProviderXmlTest - Извлечение записи по ID из XML...
12.23 16.31.52  INFO main ru.sfedu.sprintspherepk.DataProviderXmlTest - Запись успешно извлечена.
12.23 16.31.52  INFO main ru.sfedu.sprintspherepk.DataProviderXmlTest - Удаление записи из XML...
12.23 16.31.52  INFO main ru.sfedu.sprintspherepk.DataProviderXmlTest - Запись успешно удалена.
12.23 16.37.14  INFO main ru.sfedu.sprintspherepk.DataProviderXmlTest - Инициализация поставщика данных для XML...
12.23 16.37.14  INFO main ru.sfedu.sprintspherepk.DataProviderXmlTest - Инициализация источника данных для XML поставщика...
12.23 16.37.14  INFO main ru.sfedu.sprintspherepk.DataProviderXmlTest - Источник данных для XML инициализирован.
12.23 16.37.14  INFO main ru.sfedu.sprintspherepk.DataProviderXmlTest - Начало тестирования XML поставщика...
12.23 16.37.14  INFO main ru.sfedu.sprintspherepk.DataProviderXmlTest - Сохранение записи в XML...
12.23 16.38.34  INFO main ru.sfedu.sprintspherepk.DataProviderXmlTest - Инициализация поставщика данных для XML...
12.23 16.38.34  INFO main ru.sfedu.sprintspherepk.DataProviderXmlTest - Инициализация источника данных для XML поставщика...
12.23 16.38.34  INFO main ru.sfedu.sprintspherepk.DataProviderXmlTest - Источник данных для XML инициализирован.
12.23 16.38.34  INFO main ru.sfedu.sprintspherepk.DataProviderXmlTest - Начало тестирования XML поставщика...
12.23 16.38.34  INFO main ru.sfedu.sprintspherepk.DataProviderXmlTest - Сохранение записи в XML...
12.23 16.39.05  INFO main ru.sfedu.sprintspherepk.DataProviderXmlTest - Инициализация поставщика данных для XML...
12.23 16.39.05  INFO main ru.sfedu.sprintspherepk.DataProviderXmlTest - Инициализация источника данных для XML поставщика...
12.23 16.39.05  INFO main ru.sfedu.sprintspherepk.DataProviderXmlTest - Источник данных для XML инициализирован.
12.23 16.39.05  INFO main ru.sfedu.sprintspherepk.DataProviderXmlTest - Начало тестирования XML поставщика...
12.23 16.39.05  INFO main ru.sfedu.sprintspherepk.DataProviderXmlTest - Сохранение записи в XML...
12.23 16.39.05  INFO main ru.sfedu.sprintspherepk.DataProviderXmlTest - Запись сохранена с ID: c7663018-4865-43d5-84d5-f07ad5d0775d
12.23 16.39.05  INFO main ru.sfedu.sprintspherepk.DataProviderXmlTest - Извлечение записи по ID из XML...
12.23 16.39.05  INFO main ru.sfedu.sprintspherepk.DataProviderXmlTest - Запись успешно извлечена.
12.23 16.39.05  INFO main ru.sfedu.sprintspherepk.DataProviderXmlTest - Удаление записи из XML...
12.23 16.39.06  INFO main ru.sfedu.sprintspherepk.DataProviderXmlTest - Запись успешно удалена.
12.23 16.39.39  INFO main ru.sfedu.sprintspherepk.DataProviderXmlTest - Инициализация поставщика данных для XML...
12.23 16.39.39  INFO main ru.sfedu.sprintspherepk.DataProviderXmlTest - Инициализация источника данных для XML поставщика...
12.23 16.39.39  INFO main ru.sfedu.sprintspherepk.DataProviderXmlTest - Источник данных для XML инициализирован.
12.23 16.39.39  INFO main ru.sfedu.sprintspherepk.DataProviderXmlTest - Начало тестирования XML поставщика...
12.23 16.39.39  INFO main ru.sfedu.sprintspherepk.DataProviderXmlTest - Сохранение записи в XML...
12.23 16.40.04  INFO main ru.sfedu.sprintspherepk.DataProviderXmlTest - Инициализация поставщика данных для XML...
12.23 16.40.04  INFO main ru.sfedu.sprintspherepk.DataProviderXmlTest - Инициализация источника данных для XML поставщика...
12.23 16.40.04  INFO main ru.sfedu.sprintspherepk.DataProviderXmlTest - Источник данных для XML инициализирован.
12.23 16.40.04  INFO main ru.sfedu.sprintspherepk.DataProviderXmlTest - Начало тестирования XML поставщика...
12.23 16.40.04  INFO main ru.sfedu.sprintspherepk.DataProviderXmlTest - Сохранение записи в XML...
12.23 16.40.16  INFO main ru.sfedu.sprintspherepk.DataProviderXmlTest - Инициализация поставщика данных для XML...
12.23 16.40.16  INFO main ru.sfedu.sprintspherepk.DataProviderXmlTest - Инициализация источника данных для XML поставщика...
12.23 16.40.16  INFO main ru.sfedu.sprintspherepk.DataProviderXmlTest - Источник данных для XML инициализирован.
12.23 16.40.16  INFO main ru.sfedu.sprintspherepk.DataProviderXmlTest - Начало тестирования XML поставщика...
12.23 16.40.16  INFO main ru.sfedu.sprintspherepk.DataProviderXmlTest - Сохранение записи в XML...
12.23 16.40.17  INFO main ru.sfedu.sprintspherepk.DataProviderXmlTest - Запись сохранена с ID: fbfd4445-88bb-4085-985f-656fd9e7319a
12.23 16.40.17  INFO main ru.sfedu.sprintspherepk.DataProviderXmlTest - Извлечение записи по ID из XML...
12.23 16.40.17  INFO main ru.sfedu.sprintspherepk.DataProviderXmlTest - Запись успешно извлечена.
12.23 16.40.17  INFO main ru.sfedu.sprintspherepk.DataProviderXmlTest - Удаление записи из XML...
12.23 16.40.17  INFO main ru.sfedu.sprintspherepk.DataProviderXmlTest - Запись успешно удалена.
12.23 16.42.26  INFO main ru.sfedu.sprintspherepk.DataProviderXmlTest - Инициализация поставщика данных для XML...
12.23 16.42.26  INFO main ru.sfedu.sprintspherepk.DataProviderXmlTest - Инициализация источника данных для XML поставщика...
12.23 16.42.26  INFO main ru.sfedu.sprintspherepk.DataProviderXmlTest - Источник данных для XML инициализирован.
12.23 16.42.26  INFO main ru.sfedu.sprintspherepk.DataProviderXmlTest - Начало тестирования XML поставщика...
12.23 16.42.26  INFO main ru.sfedu.sprintspherepk.DataProviderXmlTest - Сохранение записи в XML...
12.23 16.42.26  INFO main ru.sfedu.sprintspherepk.DataProviderXmlTest - Запись сохранена с ID: 12497eb5-c76c-425d-b629-a0560ed121d9
12.23 16.42.26  INFO main ru.sfedu.sprintspherepk.DataProviderXmlTest - Извлечение записи по ID из XML...
12.23 16.42.26  INFO main ru.sfedu.sprintspherepk.DataProviderXmlTest - Запись успешно извлечена.
12.23 16.42.26  INFO main ru.sfedu.sprintspherepk.DataProviderXmlTest - Удаление записи из XML...
12.23 16.42.26  INFO main ru.sfedu.sprintspherepk.DataProviderXmlTest - Запись успешно удалена.
12.23 16.47.34  INFO main ru.sfedu.sprintspherepk.DataProviderXmlTest - Инициализация поставщика данных для XML...
12.23 16.47.34  INFO main ru.sfedu.sprintspherepk.DataProviderXmlTest - Инициализация источника данных для XML поставщика...
12.23 16.47.34  INFO main ru.sfedu.sprintspherepk.DataProviderXmlTest - Источник данных для XML инициализирован.
12.23 16.47.34  INFO main ru.sfedu.sprintspherepk.DataProviderXmlTest - Начало тестирования XML поставщика...
12.23 16.47.34  INFO main ru.sfedu.sprintspherepk.DataProviderXmlTest - Сохранение записи в XML...
12.23 16.47.34  INFO main ru.sfedu.sprintspherepk.DataProviderXmlTest - Запись сохранена с ID: 1a9189b3-3cf8-443c-8cbe-5b33e55a822a
12.23 16.47.34  INFO main ru.sfedu.sprintspherepk.DataProviderXmlTest - Извлечение записи по ID из XML...
12.23 16.47.34  INFO main ru.sfedu.sprintspherepk.DataProviderXmlTest - Запись успешно извлечена.
12.23 16.48.36  INFO main ru.sfedu.sprintspherepk.DataProviderXmlTest - Инициализация поставщика данных для XML...
12.23 16.48.36  INFO main ru.sfedu.sprintspherepk.DataProviderXmlTest - Инициализация источника данных для XML поставщика...
12.23 16.48.36  INFO main ru.sfedu.sprintspherepk.DataProviderXmlTest - Источник данных для XML инициализирован.
12.23 16.48.36  INFO main ru.sfedu.sprintspherepk.DataProviderXmlTest - Начало тестирования XML поставщика...
12.23 16.48.36  INFO main ru.sfedu.sprintspherepk.DataProviderXmlTest - Сохранение записи в XML...
12.23 16.49.03  INFO main ru.sfedu.sprintspherepk.DataProviderXmlTest - Инициализация поставщика данных для XML...
12.23 16.49.03  INFO main ru.sfedu.sprintspherepk.DataProviderXmlTest - Инициализация источника данных для XML поставщика...
12.23 16.49.03  INFO main ru.sfedu.sprintspherepk.DataProviderXmlTest - Источник данных для XML инициализирован.
12.23 16.49.03  INFO main ru.sfedu.sprintspherepk.DataProviderXmlTest - Начало тестирования XML поставщика...
12.23 16.49.03  INFO main ru.sfedu.sprintspherepk.DataProviderXmlTest - Сохранение записи в XML...
12.23 16.49.03  INFO main ru.sfedu.sprintspherepk.DataProviderXmlTest - Запись сохранена с ID: d103b107-4a89-46ec-a8bc-e9e333649df6
12.23 16.49.03  INFO main ru.sfedu.sprintspherepk.DataProviderXmlTest - Извлечение записи по ID из XML...
12.23 16.49.03  INFO main ru.sfedu.sprintspherepk.DataProviderXmlTest - Запись успешно извлечена.
12.23 16.49.03  INFO main ru.sfedu.sprintspherepk.DataProviderXmlTest - Удаление записи из XML...
12.23 16.49.03  INFO main ru.sfedu.sprintspherepk.DataProviderXmlTest - Запись успешно удалена.
12.23 16.57.53  INFO main ru.sfedu.sprintspherepk.DataProviderXmlTest - Инициализация поставщика данных для XML...
12.23 16.57.53  INFO main ru.sfedu.sprintspherepk.DataProviderXmlTest - Инициализация источника данных для XML поставщика...
12.23 16.57.53  INFO main ru.sfedu.sprintspherepk.DataProviderXmlTest - Источник данных для XML инициализирован.
12.23 16.57.53  INFO main ru.sfedu.sprintspherepk.DataProviderXmlTest - Начало тестирования XML поставщика...
12.23 16.57.53  INFO main ru.sfedu.sprintspherepk.DataProviderXmlTest - Сохранение записи в XML...
12.23 16.57.53  INFO main ru.sfedu.sprintspherepk.DataProviderXmlTest - Запись сохранена с ID: 589b5d03-c367-4cdb-a24b-24bf5f92db8e
12.23 16.57.53  INFO main ru.sfedu.sprintspherepk.DataProviderXmlTest - Извлечение записи по ID из XML...
12.23 16.57.53  INFO main ru.sfedu.sprintspherepk.DataProviderXmlTest - Запись успешно извлечена.
12.23 16.57.53  INFO main ru.sfedu.sprintspherepk.DataProviderXmlTest - Удаление записи из XML...
12.23 16.57.53  INFO main ru.sfedu.sprintspherepk.DataProviderXmlTest - Запись успешно удалена.
12.23 16.58.19  INFO main ru.sfedu.sprintspherepk.DataProviderXmlTest - Инициализация поставщика данных для XML...
12.23 16.58.19  INFO main ru.sfedu.sprintspherepk.DataProviderXmlTest - Инициализация источника данных для XML поставщика...
12.23 16.58.19  INFO main ru.sfedu.sprintspherepk.DataProviderXmlTest - Источник данных для XML инициализирован.
12.23 16.58.19  INFO main ru.sfedu.sprintspherepk.DataProviderXmlTest - Начало тестирования XML поставщика...
12.23 16.58.19  INFO main ru.sfedu.sprintspherepk.DataProviderXmlTest - Сохранение записи в XML...
12.23 16.58.19  INFO main ru.sfedu.sprintspherepk.DataProviderXmlTest - Запись сохранена с ID: a549090b-dc92-4a9e-a2b5-dd2ffecab210
12.23 16.58.19  INFO main ru.sfedu.sprintspherepk.DataProviderXmlTest - Извлечение записи по ID из XML...
12.23 16.58.19  INFO main ru.sfedu.sprintspherepk.DataProviderXmlTest - Запись успешно извлечена.
12.23 17.01.48  INFO main ru.sfedu.sprintspherepk.DataProviderXmlTest - Инициализация поставщика данных для XML...
12.23 17.01.48  INFO main ru.sfedu.sprintspherepk.DataProviderXmlTest - Инициализация источника данных для XML поставщика...
12.23 17.01.48  INFO main ru.sfedu.sprintspherepk.DataProviderXmlTest - Источник данных для XML инициализирован.
12.23 17.01.48  INFO main ru.sfedu.sprintspherepk.DataProviderXmlTest - Начало тестирования XML поставщика...
12.23 17.01.48  INFO main ru.sfedu.sprintspherepk.DataProviderXmlTest - Сохранение записи в XML...
12.23 17.01.48  INFO main ru.sfedu.sprintspherepk.DataProviderXmlTest - Запись сохранена с ID: 08672377-7262-4cab-8bad-57b78d42a5ce
12.23 17.01.48  INFO main ru.sfedu.sprintspherepk.DataProviderXmlTest - Извлечение записи по ID из XML...
12.23 17.01.48  INFO main ru.sfedu.sprintspherepk.DataProviderXmlTest - Запись успешно извлечена.
12.23 17.02.55  INFO main ru.sfedu.sprintspherepk.DataProviderCsvTest - Инициализация поставщика данных для CSV...
12.23 17.02.55  INFO main ru.sfedu.sprintspherepk.DataProviderCsvTest - Инициализация источника данных для CSV поставщика...
12.23 17.02.55  INFO main ru.sfedu.sprintspherepk.DataProviderCsvTest - Источник данных для CSV инициализирован.
12.23 17.02.55  INFO main ru.sfedu.sprintspherepk.DataProviderCsvTest - Начало тестирования CSV поставщика...
12.23 17.02.55  INFO main ru.sfedu.sprintspherepk.DataProviderCsvTest - Сохранение записи в CSV...
12.23 17.02.55  INFO main ru.sfedu.sprintspherepk.DataProviderCsvTest - Запись сохранена с ID: c21d22df-af40-4f07-ab69-8f3bdb564e94
12.23 17.02.55  INFO main ru.sfedu.sprintspherepk.DataProviderCsvTest - Извлечение записи по ID из CSV...
12.23 17.02.55  INFO main ru.sfedu.sprintspherepk.DataProviderCsvTest - Запись успешно извлечена.
12.23 17.02.55  INFO main ru.sfedu.sprintspherepk.DataProviderCsvTest - Удаление записи из CSV...
12.23 17.02.55  INFO main ru.sfedu.sprintspherepk.DataProviderCsvTest - Запись успешно удалена.
12.23 17.03.06  INFO main ru.sfedu.sprintspherepk.DataProviderCsvTest - Инициализация поставщика данных для CSV...
12.23 17.03.06  INFO main ru.sfedu.sprintspherepk.DataProviderCsvTest - Инициализация источника данных для CSV поставщика...
12.23 17.03.06  INFO main ru.sfedu.sprintspherepk.DataProviderCsvTest - Источник данных для CSV инициализирован.
12.23 17.03.06  INFO main ru.sfedu.sprintspherepk.DataProviderCsvTest - Начало тестирования CSV поставщика...
12.23 17.03.06  INFO main ru.sfedu.sprintspherepk.DataProviderCsvTest - Сохранение записи в CSV...
12.23 17.03.06  INFO main ru.sfedu.sprintspherepk.DataProviderCsvTest - Запись сохранена с ID: 8f69ed4a-df0d-416b-bf91-4ed8bece418c
12.23 17.03.06  INFO main ru.sfedu.sprintspherepk.DataProviderCsvTest - Извлечение записи по ID из CSV...
12.23 17.03.06  INFO main ru.sfedu.sprintspherepk.DataProviderCsvTest - Запись успешно извлечена.
12.23 17.03.41  INFO main ru.sfedu.sprintspherepk.DataProviderXmlTest - Инициализация поставщика данных для XML...
12.23 17.03.42  INFO main ru.sfedu.sprintspherepk.DataProviderXmlTest - Инициализация источника данных для XML поставщика...
12.23 17.03.42  INFO main ru.sfedu.sprintspherepk.DataProviderXmlTest - Источник данных для XML инициализирован.
12.23 17.03.42  INFO main ru.sfedu.sprintspherepk.DataProviderXmlTest - Начало тестирования XML поставщика...
12.23 17.03.42  INFO main ru.sfedu.sprintspherepk.DataProviderXmlTest - Сохранение записи в XML...
12.23 17.03.42  INFO main ru.sfedu.sprintspherepk.DataProviderXmlTest - Запись сохранена с ID: 57b9b30c-2a0e-4e79-bc62-03bdd7d60f79
12.23 17.03.42  INFO main ru.sfedu.sprintspherepk.DataProviderXmlTest - Извлечение записи по ID из XML...
12.23 17.03.42  INFO main ru.sfedu.sprintspherepk.DataProviderXmlTest - Запись успешно извлечена.
12.23 17.03.42  INFO main ru.sfedu.sprintspherepk.DataProviderXmlTest - Удаление записи из XML...
12.23 17.03.42  INFO main ru.sfedu.sprintspherepk.DataProviderXmlTest - Запись успешно удалена.
12.23 17.06.20  INFO main ru.sfedu.sprintspherepk.DataProviderCsvTest - Инициализация поставщика данных для CSV...
12.23 17.06.20  INFO main ru.sfedu.sprintspherepk.DataProviderCsvTest - Инициализация источника данных для CSV поставщика...
12.23 17.06.20  INFO main ru.sfedu.sprintspherepk.DataProviderCsvTest - Источник данных для CSV инициализирован.
12.23 17.06.20  INFO main ru.sfedu.sprintspherepk.DataProviderCsvTest - Начало тестирования CSV поставщика...
12.23 17.06.20  INFO main ru.sfedu.sprintspherepk.DataProviderCsvTest - Сохранение записи в CSV...
12.23 17.06.20  INFO main ru.sfedu.sprintspherepk.DataProviderCsvTest - Запись сохранена с ID: a8194898-fae1-47d2-bf21-f2edc413860a
12.23 17.06.20  INFO main ru.sfedu.sprintspherepk.DataProviderCsvTest - Извлечение записи по ID из CSV...
12.23 17.07.22  INFO main ru.sfedu.sprintspherepk.DataProviderCsvTest - Инициализация поставщика данных для CSV...
12.23 17.07.22  INFO main ru.sfedu.sprintspherepk.DataProviderCsvTest - Инициализация источника данных для CSV поставщика...
12.23 17.07.22  INFO main ru.sfedu.sprintspherepk.DataProviderCsvTest - Источник данных для CSV инициализирован.
12.23 17.07.22  INFO main ru.sfedu.sprintspherepk.DataProviderCsvTest - Начало тестирования CSV поставщика...
12.23 17.07.22  INFO main ru.sfedu.sprintspherepk.DataProviderCsvTest - Сохранение записи в CSV...
12.23 17.07.22  INFO main ru.sfedu.sprintspherepk.DataProviderCsvTest - Запись сохранена с ID: e9e64b3b-66c3-4570-a3fc-690309633c69
12.23 17.07.22  INFO main ru.sfedu.sprintspherepk.DataProviderCsvTest - Извлечение записи по ID из CSV...
12.23 17.07.22  INFO main ru.sfedu.sprintspherepk.DataProviderCsvTest - Запись успешно извлечена.
12.23 17.07.22  INFO main ru.sfedu.sprintspherepk.DataProviderCsvTest - Удаление записи из CSV...
12.23 17.07.22  INFO main ru.sfedu.sprintspherepk.DataProviderCsvTest - Запись успешно удалена.
12.23 17.10.40  INFO main ru.sfedu.sprintspherepk.DataProviderCsvTest - Инициализация поставщика данных для CSV...
12.23 17.10.40  INFO main ru.sfedu.sprintspherepk.DataProviderCsvTest - Инициализация источника данных для CSV поставщика...
12.23 17.10.40  INFO main ru.sfedu.sprintspherepk.DataProviderCsvTest - Источник данных для CSV инициализирован.
12.23 17.10.40  INFO main ru.sfedu.sprintspherepk.DataProviderCsvTest - Начало тестирования CSV поставщика...
12.23 17.10.40  INFO main ru.sfedu.sprintspherepk.DataProviderCsvTest - Сохранение записи в CSV...
12.23 17.10.40  INFO main ru.sfedu.sprintspherepk.DataProviderCsvTest - Запись сохранена с ID: 8344e4ef-8444-44ff-b1d1-bcf938329f05
12.23 17.10.40  INFO main ru.sfedu.sprintspherepk.DataProviderCsvTest - Извлечение записи по ID из CSV...
12.23 17.11.16  INFO main ru.sfedu.sprintspherepk.DataProviderCsvTest - Инициализация поставщика данных для CSV...
12.23 17.11.16  INFO main ru.sfedu.sprintspherepk.DataProviderCsvTest - Инициализация источника данных для CSV поставщика...
12.23 17.11.16  INFO main ru.sfedu.sprintspherepk.DataProviderCsvTest - Источник данных для CSV инициализирован.
12.23 17.11.16  INFO main ru.sfedu.sprintspherepk.DataProviderCsvTest - Начало тестирования CSV поставщика...
12.23 17.11.16  INFO main ru.sfedu.sprintspherepk.DataProviderCsvTest - Сохранение записи в CSV...
12.23 17.11.16  INFO main ru.sfedu.sprintspherepk.DataProviderCsvTest - Запись сохранена с ID: 1254dfdb-4eef-4a90-80dc-314a305e2679
12.23 17.11.16  INFO main ru.sfedu.sprintspherepk.DataProviderCsvTest - Извлечение записи по ID из CSV...
12.23 17.11.16  INFO main ru.sfedu.sprintspherepk.DataProviderCsvTest - Запись успешно извлечена.
12.23 17.11.16  INFO main ru.sfedu.sprintspherepk.DataProviderCsvTest - Удаление записи из CSV...
12.23 17.11.16  INFO main ru.sfedu.sprintspherepk.DataProviderCsvTest - Запись успешно удалена.
12.23 17.12.19  INFO main ru.sfedu.sprintspherepk.DataProviderCsvTest - Инициализация поставщика данных для CSV...
12.23 17.12.19  INFO main ru.sfedu.sprintspherepk.DataProviderCsvTest - Инициализация источника данных для CSV поставщика...
12.23 17.12.19  INFO main ru.sfedu.sprintspherepk.DataProviderCsvTest - Источник данных для CSV инициализирован.
12.23 17.12.19  INFO main ru.sfedu.sprintspherepk.DataProviderCsvTest - Начало тестирования CSV поставщика...
12.23 17.12.19  INFO main ru.sfedu.sprintspherepk.DataProviderCsvTest - Сохранение записи в CSV...
12.23 17.12.19  INFO main ru.sfedu.sprintspherepk.DataProviderCsvTest - Запись сохранена с ID: a99e2bbd-59e9-4a06-a930-bacbc1b6f736
12.23 17.12.19  INFO main ru.sfedu.sprintspherepk.DataProviderCsvTest - Извлечение записи по ID из CSV...
12.23 17.12.19  INFO main ru.sfedu.sprintspherepk.DataProviderCsvTest - Запись успешно извлечена.
12.23 17.12.19  INFO main ru.sfedu.sprintspherepk.DataProviderCsvTest - Удаление записи из CSV...
12.23 17.12.19  INFO main ru.sfedu.sprintspherepk.DataProviderCsvTest - Запись успешно удалена.
12.23 17.12.45  INFO main ru.sfedu.sprintspherepk.DataProviderCsvTest - Инициализация поставщика данных для CSV...
12.23 17.12.45  INFO main ru.sfedu.sprintspherepk.DataProviderCsvTest - Инициализация источника данных для CSV поставщика...
12.23 17.12.45  INFO main ru.sfedu.sprintspherepk.DataProviderCsvTest - Источник данных для CSV инициализирован.
12.23 17.12.45  INFO main ru.sfedu.sprintspherepk.DataProviderCsvTest - Начало тестирования CSV поставщика...
12.23 17.12.45  INFO main ru.sfedu.sprintspherepk.DataProviderCsvTest - Сохранение записи в CSV...
12.23 17.12.45  INFO main ru.sfedu.sprintspherepk.DataProviderCsvTest - Запись сохранена с ID: 469025a5-2a59-46ab-96e8-6deaa4ad8835
12.23 17.12.45  INFO main ru.sfedu.sprintspherepk.DataProviderCsvTest - Извлечение записи по ID из CSV...
12.23 17.12.45  INFO main ru.sfedu.sprintspherepk.DataProviderCsvTest - Запись успешно извлечена.
12.23 17.13.07  INFO main ru.sfedu.sprintspherepk.DataProviderCsvTest - Инициализация поставщика данных для CSV...
12.23 17.13.07  INFO main ru.sfedu.sprintspherepk.DataProviderCsvTest - Инициализация источника данных для CSV поставщика...
12.23 17.13.07  INFO main ru.sfedu.sprintspherepk.DataProviderCsvTest - Источник данных для CSV инициализирован.
12.23 17.13.07  INFO main ru.sfedu.sprintspherepk.DataProviderCsvTest - Начало тестирования CSV поставщика...
12.23 17.13.07  INFO main ru.sfedu.sprintspherepk.DataProviderCsvTest - Сохранение записи в CSV...
12.23 17.13.07  INFO main ru.sfedu.sprintspherepk.DataProviderCsvTest - Запись сохранена с ID: 6a6e0558-3203-40fc-8f47-5fdb3352888a
12.23 17.13.07  INFO main ru.sfedu.sprintspherepk.DataProviderCsvTest - Извлечение записи по ID из CSV...
12.23 17.13.07  INFO main ru.sfedu.sprintspherepk.DataProviderCsvTest - Запись успешно извлечена.
12.23 17.13.07  INFO main ru.sfedu.sprintspherepk.DataProviderCsvTest - Удаление записи из CSV...
12.23 17.13.07  INFO main ru.sfedu.sprintspherepk.DataProviderCsvTest - Запись успешно удалена.
12.23 17.13.18  INFO main ru.sfedu.sprintspherepk.DataProviderCsvTest - Инициализация поставщика данных для CSV...
12.23 17.13.18  INFO main ru.sfedu.sprintspherepk.DataProviderCsvTest - Инициализация источника данных для CSV поставщика...
12.23 17.13.18  INFO main ru.sfedu.sprintspherepk.DataProviderCsvTest - Источник данных для CSV инициализирован.
12.23 17.13.18  INFO main ru.sfedu.sprintspherepk.DataProviderCsvTest - Начало тестирования CSV поставщика...
12.23 17.13.18  INFO main ru.sfedu.sprintspherepk.DataProviderCsvTest - Сохранение записи в CSV...
12.23 17.13.18  INFO main ru.sfedu.sprintspherepk.DataProviderCsvTest - Запись сохранена с ID: 918fb06f-034c-4147-9dda-f0394882e9bc
12.23 17.13.18  INFO main ru.sfedu.sprintspherepk.DataProviderCsvTest - Извлечение записи по ID из CSV...
12.23 17.13.29  INFO main ru.sfedu.sprintspherepk.DataProviderCsvTest - Инициализация поставщика данных для CSV...
12.23 17.13.29  INFO main ru.sfedu.sprintspherepk.DataProviderCsvTest - Инициализация источника данных для CSV поставщика...
12.23 17.13.29  INFO main ru.sfedu.sprintspherepk.DataProviderCsvTest - Источник данных для CSV инициализирован.
12.23 17.13.29  INFO main ru.sfedu.sprintspherepk.DataProviderCsvTest - Начало тестирования CSV поставщика...
12.23 17.13.29  INFO main ru.sfedu.sprintspherepk.DataProviderCsvTest - Сохранение записи в CSV...
12.23 17.13.29  INFO main ru.sfedu.sprintspherepk.DataProviderCsvTest - Запись сохранена с ID: 1880ce2e-f05c-4462-92b9-212f29cbfcc2
12.23 17.13.29  INFO main ru.sfedu.sprintspherepk.DataProviderCsvTest - Извлечение записи по ID из CSV...
12.23 17.13.29  INFO main ru.sfedu.sprintspherepk.DataProviderCsvTest - Запись успешно извлечена.
12.23 17.13.29  INFO main ru.sfedu.sprintspherepk.DataProviderCsvTest - Удаление записи из CSV...
12.23 17.13.29  INFO main ru.sfedu.sprintspherepk.DataProviderCsvTest - Запись успешно удалена.
12.23 17.20.46  INFO main ru.sfedu.sprintspherepk.api.FileHandler - Начало теста: checkValidFileName
12.23 17.20.46  INFO main ru.sfedu.sprintspherepk.api.FileHandler - Попытка загрузить файл: src/test/resources/validFile.txt
12.23 17.20.46  INFO main ru.sfedu.sprintspherepk.api.FileHandler - Файл успешно загружен: src/test/resources/validFile.txt
12.23 17.20.46  INFO main ru.sfedu.sprintspherepk.api.FileHandler - Тест checkValidFileName завершен успешно
12.23 17.22.44  INFO main ru.sfedu.sprintspherepk.api.FileHandler - Начало теста: checkInvalidFileName
12.23 17.22.44  INFO main ru.sfedu.sprintspherepk.api.FileHandler - Попытка загрузить файл: src/test/resources/invalidFile.txt
12.23 17.22.44  INFO main ru.sfedu.sprintspherepk.api.FileHandler - Исключение MyException успешно перехвачено
12.23 17.23.08  INFO main ru.sfedu.sprintspherepk.api.FileHandler - Начало теста: checkInvalidFileName
12.23 17.23.08  INFO main ru.sfedu.sprintspherepk.api.FileHandler - Попытка загрузить файл: src/test/resources/invalidFile.txt
12.23 17.23.08  INFO main ru.sfedu.sprintspherepk.api.FileHandler - Исключение MyException успешно перехвачено
